<?xml version="1.0" encoding="UTF-8"?>
<!-- Generated by org.testng.reporters.JUnitReportReporter -->
<testsuite skipped="0" hostname="HarishGarg" name="testcases.testcases" tests="3" failures="0" timestamp="05 Jun 2019 02:09:38 GMT" time="0.005" errors="0">
  <testcase name="loginTest" time="0.002" classname="testcases.testcases"/>
  <testcase name="changePassword" time="0.001" classname="testcases.testcases"/>
  <testcase name="Logout" time="0.002" classname="testcases.testcases"/>
</testsuite> <!-- testcases.testcases -->
