<?xml version="1.0" encoding="UTF-8"?>
<!-- Generated by org.testng.reporters.JUnitReportReporter -->
<testsuite skipped="0" hostname="HarishGarg" name="testcases.logintest" tests="5" failures="0" timestamp="05 Jun 2019 02:09:38 GMT" time="0.000" errors="0">
  <testcase name="testA" time="0.000" classname="testcases.logintest"/>
  <testcase name="testB" time="0.000" classname="testcases.logintest"/>
  <testcase name="testB" time="0.000" classname="testcases.logintest"/>
  <testcase name="testA" time="0.000" classname="testcases.logintest"/>
  <testcase name="testB" time="0.000" classname="testcases.logintest"/>
</testsuite> <!-- testcases.logintest -->
